[0.094s] DEBUG:colcon:Command line arguments: ['/usr/bin/colcon', 'build']
[0.094s] DEBUG:colcon:Parsed command line arguments: Namespace(log_base=None, log_level=None, verb_name='build', build_base='build', install_base='install', merge_install=False, symlink_install=False, test_result_base=None, continue_on_error=False, executor='parallel', parallel_workers=4, event_handlers=None, ignore_user_meta=False, metas=['./colcon.meta'], base_paths=['.'], packages_ignore=None, packages_ignore_regex=None, paths=None, packages_up_to=None, packages_up_to_regex=None, packages_above=None, packages_above_and_dependencies=None, packages_above_depth=None, packages_select_by_dep=None, packages_skip_by_dep=None, packages_skip_up_to=None, packages_select_build_failed=False, packages_skip_build_finished=False, packages_select_test_failures=False, packages_skip_test_passed=False, packages_select=None, packages_skip=None, packages_select_regex=None, packages_skip_regex=None, packages_start=None, packages_end=None, allow_overriding=[], cmake_args=None, cmake_target=None, cmake_target_skip_unavailable=False, cmake_clean_cache=False, cmake_clean_first=False, cmake_force_configure=False, ament_cmake_args=None, catkin_cmake_args=None, catkin_skip_building_tests=False, mixin_files=None, mixin=None, verb_parser=<colcon_mixin.mixin.mixin_argument.MixinArgumentDecorator object at 0xffff8b382b30>, verb_extension=<colcon_core.verb.build.BuildVerb object at 0xffff8b55f160>, main=<bound method BuildVerb.main of <colcon_core.verb.build.BuildVerb object at 0xffff8b55f160>>, mixin_verb=('build',))
[0.262s] Level 1:colcon.colcon_core.package_discovery:discover_packages(colcon_meta) check parameters
[0.262s] Level 1:colcon.colcon_core.package_discovery:discover_packages(recursive) check parameters
[0.262s] Level 1:colcon.colcon_core.package_discovery:discover_packages(ignore) check parameters
[0.262s] Level 1:colcon.colcon_core.package_discovery:discover_packages(path) check parameters
[0.262s] Level 1:colcon.colcon_core.package_discovery:discover_packages(colcon_meta) discover
[0.263s] Level 1:colcon.colcon_core.package_discovery:discover_packages(recursive) discover
[0.263s] INFO:colcon.colcon_core.package_discovery:Crawling recursively for packages in '/home/aryaanb17/ros2_ws/src/rover_status'
[0.263s] Level 1:colcon.colcon_core.package_identification:_identify(.) by extensions ['ignore', 'ignore_ament_install']
[0.263s] Level 1:colcon.colcon_core.package_identification:_identify(.) by extension 'ignore'
[0.263s] Level 1:colcon.colcon_core.package_identification:_identify(.) by extension 'ignore_ament_install'
[0.263s] Level 1:colcon.colcon_core.package_identification:_identify(.) by extensions ['colcon_pkg']
[0.263s] Level 1:colcon.colcon_core.package_identification:_identify(.) by extension 'colcon_pkg'
[0.263s] Level 1:colcon.colcon_core.package_identification:_identify(.) by extensions ['colcon_meta']
[0.263s] Level 1:colcon.colcon_core.package_identification:_identify(.) by extension 'colcon_meta'
[0.263s] Level 1:colcon.colcon_core.package_identification:_identify(.) by extensions ['ros']
[0.263s] Level 1:colcon.colcon_core.package_identification:_identify(.) by extension 'ros'
[0.274s] DEBUG:colcon.colcon_core.package_identification:Package '.' with type 'ros.ament_python' and name 'rover_status'
[0.274s] Level 1:colcon.colcon_core.package_discovery:discover_packages(recursive) using defaults
[0.274s] Level 1:colcon.colcon_core.package_discovery:discover_packages(ignore) discover
[0.275s] Level 1:colcon.colcon_core.package_discovery:discover_packages(ignore) using defaults
[0.275s] Level 1:colcon.colcon_core.package_discovery:discover_packages(path) discover
[0.275s] Level 1:colcon.colcon_core.package_discovery:discover_packages(path) using defaults
[0.299s] Level 1:colcon.colcon_core.package_discovery:discover_packages(prefix_path) check parameters
[0.299s] Level 1:colcon.colcon_core.package_discovery:discover_packages(prefix_path) discover
[0.300s] DEBUG:colcon.colcon_installed_package_information.package_discovery:Found 1 installed packages in /home/aryaanb17/ros2_ws/install
[0.301s] DEBUG:colcon.colcon_installed_package_information.package_discovery:Found 270 installed packages in /opt/ros/humble
[0.303s] Level 1:colcon.colcon_core.package_discovery:discover_packages(prefix_path) using defaults
[0.340s] Level 5:colcon.colcon_core.verb:set package 'rover_status' build argument 'cmake_args' from command line to 'None'
[0.340s] Level 5:colcon.colcon_core.verb:set package 'rover_status' build argument 'cmake_target' from command line to 'None'
[0.340s] Level 5:colcon.colcon_core.verb:set package 'rover_status' build argument 'cmake_target_skip_unavailable' from command line to 'False'
[0.340s] Level 5:colcon.colcon_core.verb:set package 'rover_status' build argument 'cmake_clean_cache' from command line to 'False'
[0.340s] Level 5:colcon.colcon_core.verb:set package 'rover_status' build argument 'cmake_clean_first' from command line to 'False'
[0.340s] Level 5:colcon.colcon_core.verb:set package 'rover_status' build argument 'cmake_force_configure' from command line to 'False'
[0.340s] Level 5:colcon.colcon_core.verb:set package 'rover_status' build argument 'ament_cmake_args' from command line to 'None'
[0.340s] Level 5:colcon.colcon_core.verb:set package 'rover_status' build argument 'catkin_cmake_args' from command line to 'None'
[0.340s] Level 5:colcon.colcon_core.verb:set package 'rover_status' build argument 'catkin_skip_building_tests' from command line to 'False'
[0.340s] DEBUG:colcon.colcon_core.verb:Building package 'rover_status' with the following arguments: {'ament_cmake_args': None, 'build_base': '/home/aryaanb17/ros2_ws/src/rover_status/build/rover_status', 'catkin_cmake_args': None, 'catkin_skip_building_tests': False, 'cmake_args': None, 'cmake_clean_cache': False, 'cmake_clean_first': False, 'cmake_force_configure': False, 'cmake_target': None, 'cmake_target_skip_unavailable': False, 'install_base': '/home/aryaanb17/ros2_ws/src/rover_status/install/rover_status', 'merge_install': False, 'path': '/home/aryaanb17/ros2_ws/src/rover_status', 'symlink_install': False, 'test_result_base': None}
[0.340s] INFO:colcon.colcon_core.executor:Executing jobs using 'parallel' executor
[0.341s] DEBUG:colcon.colcon_parallel_executor.executor.parallel:run_until_complete
[0.341s] INFO:colcon.colcon_ros.task.ament_python.build:Building ROS package in '/home/aryaanb17/ros2_ws/src/rover_status' with build type 'ament_python'
[0.341s] Level 1:colcon.colcon_core.shell:create_environment_hook('rover_status', 'ament_prefix_path')
[0.343s] INFO:colcon.colcon_core.plugin_system:Skipping extension 'colcon_core.shell.bat': Not used on non-Windows systems
[0.343s] INFO:colcon.colcon_core.shell:Creating environment hook '/home/aryaanb17/ros2_ws/src/rover_status/install/rover_status/share/rover_status/hook/ament_prefix_path.ps1'
[0.344s] INFO:colcon.colcon_core.shell:Creating environment descriptor '/home/aryaanb17/ros2_ws/src/rover_status/install/rover_status/share/rover_status/hook/ament_prefix_path.dsv'
[0.345s] INFO:colcon.colcon_core.shell:Creating environment hook '/home/aryaanb17/ros2_ws/src/rover_status/install/rover_status/share/rover_status/hook/ament_prefix_path.sh'
[0.345s] INFO:colcon.colcon_core.shell:Skip shell extension 'powershell' for command environment: Not usable outside of PowerShell
[0.345s] DEBUG:colcon.colcon_core.shell:Skip shell extension 'dsv' for command environment
[0.612s] INFO:colcon.colcon_core.task.python.build:Building Python package in '/home/aryaanb17/ros2_ws/src/rover_status'
[0.612s] INFO:colcon.colcon_core.shell:Skip shell extension 'powershell' for command environment: Not usable outside of PowerShell
[0.612s] DEBUG:colcon.colcon_core.shell:Skip shell extension 'dsv' for command environment
[0.970s] DEBUG:colcon.colcon_core.event_handler.log_command:Invoking command in '/home/aryaanb17/ros2_ws/src/rover_status': PYTHONPATH=/home/aryaanb17/ros2_ws/src/rover_status/build/rover_status/prefix_override:/usr/lib/python3/dist-packages/colcon_core/task/python/colcon_distutils_commands:/home/aryaanb17/ros2_ws/src/rover_status/install/rover_status/lib/python3.10/site-packages:${PYTHONPATH} /usr/bin/python3 -W ignore:setup.py install is deprecated setup.py egg_info --egg-base build/rover_status build --build-base /home/aryaanb17/ros2_ws/src/rover_status/build/rover_status/build install --record /home/aryaanb17/ros2_ws/src/rover_status/build/rover_status/install.log --single-version-externally-managed install_data
[1.302s] DEBUG:colcon.colcon_core.event_handler.log_command:Invoked command in '/home/aryaanb17/ros2_ws/src/rover_status' returned '0': PYTHONPATH=/home/aryaanb17/ros2_ws/src/rover_status/build/rover_status/prefix_override:/usr/lib/python3/dist-packages/colcon_core/task/python/colcon_distutils_commands:/home/aryaanb17/ros2_ws/src/rover_status/install/rover_status/lib/python3.10/site-packages:${PYTHONPATH} /usr/bin/python3 -W ignore:setup.py install is deprecated setup.py egg_info --egg-base build/rover_status build --build-base /home/aryaanb17/ros2_ws/src/rover_status/build/rover_status/build install --record /home/aryaanb17/ros2_ws/src/rover_status/build/rover_status/install.log --single-version-externally-managed install_data
[1.304s] Level 1:colcon.colcon_core.environment:checking '/home/aryaanb17/ros2_ws/src/rover_status/install/rover_status' for CMake module files
[1.305s] Level 1:colcon.colcon_core.environment:checking '/home/aryaanb17/ros2_ws/src/rover_status/install/rover_status' for CMake config files
[1.306s] Level 1:colcon.colcon_core.environment:checking '/home/aryaanb17/ros2_ws/src/rover_status/install/rover_status/lib'
[1.306s] Level 1:colcon.colcon_core.environment:checking '/home/aryaanb17/ros2_ws/src/rover_status/install/rover_status/bin'
[1.306s] Level 1:colcon.colcon_core.environment:checking '/home/aryaanb17/ros2_ws/src/rover_status/install/rover_status/lib/pkgconfig/rover_status.pc'
[1.306s] Level 1:colcon.colcon_core.environment:checking '/home/aryaanb17/ros2_ws/src/rover_status/install/rover_status/lib/python3.10/site-packages'
[1.306s] Level 1:colcon.colcon_core.shell:create_environment_hook('rover_status', 'pythonpath')
[1.307s] INFO:colcon.colcon_core.shell:Creating environment hook '/home/aryaanb17/ros2_ws/src/rover_status/install/rover_status/share/rover_status/hook/pythonpath.ps1'
[1.307s] INFO:colcon.colcon_core.shell:Creating environment descriptor '/home/aryaanb17/ros2_ws/src/rover_status/install/rover_status/share/rover_status/hook/pythonpath.dsv'
[1.307s] INFO:colcon.colcon_core.shell:Creating environment hook '/home/aryaanb17/ros2_ws/src/rover_status/install/rover_status/share/rover_status/hook/pythonpath.sh'
[1.308s] Level 1:colcon.colcon_core.environment:checking '/home/aryaanb17/ros2_ws/src/rover_status/install/rover_status/bin'
[1.308s] Level 1:colcon.colcon_core.environment:create_environment_scripts_only(rover_status)
[1.308s] INFO:colcon.colcon_core.shell:Creating package script '/home/aryaanb17/ros2_ws/src/rover_status/install/rover_status/share/rover_status/package.ps1'
[1.309s] INFO:colcon.colcon_core.shell:Creating package descriptor '/home/aryaanb17/ros2_ws/src/rover_status/install/rover_status/share/rover_status/package.dsv'
[1.309s] INFO:colcon.colcon_core.shell:Creating package script '/home/aryaanb17/ros2_ws/src/rover_status/install/rover_status/share/rover_status/package.sh'
[1.310s] INFO:colcon.colcon_core.shell:Creating package script '/home/aryaanb17/ros2_ws/src/rover_status/install/rover_status/share/rover_status/package.bash'
[1.311s] INFO:colcon.colcon_core.shell:Creating package script '/home/aryaanb17/ros2_ws/src/rover_status/install/rover_status/share/rover_status/package.zsh'
[1.311s] Level 1:colcon.colcon_core.environment:create_file_with_runtime_dependencies(/home/aryaanb17/ros2_ws/src/rover_status/install/rover_status/share/colcon-core/packages/rover_status)
[1.312s] DEBUG:colcon.colcon_parallel_executor.executor.parallel:closing loop
[1.312s] DEBUG:colcon.colcon_parallel_executor.executor.parallel:loop closed
[1.312s] DEBUG:colcon.colcon_parallel_executor.executor.parallel:run_until_complete finished with '0'
[1.312s] DEBUG:colcon.colcon_core.event_reactor:joining thread
[1.317s] INFO:colcon.colcon_core.plugin_system:Skipping extension 'colcon_notification.desktop_notification.terminal_notifier': Not used on non-Darwin systems
[1.318s] INFO:colcon.colcon_core.plugin_system:Skipping extension 'colcon_notification.desktop_notification.win32': Not used on non-Windows systems
[1.318s] INFO:colcon.colcon_notification.desktop_notification:Sending desktop notification using 'notify2'
[1.335s] DEBUG:colcon.colcon_core.event_reactor:joined thread
[1.335s] INFO:colcon.colcon_core.shell:Creating prefix script '/home/aryaanb17/ros2_ws/src/rover_status/install/local_setup.ps1'
[1.336s] INFO:colcon.colcon_core.shell:Creating prefix util module '/home/aryaanb17/ros2_ws/src/rover_status/install/_local_setup_util_ps1.py'
[1.338s] INFO:colcon.colcon_core.shell:Creating prefix chain script '/home/aryaanb17/ros2_ws/src/rover_status/install/setup.ps1'
[1.339s] INFO:colcon.colcon_core.shell:Creating prefix script '/home/aryaanb17/ros2_ws/src/rover_status/install/local_setup.sh'
[1.340s] INFO:colcon.colcon_core.shell:Creating prefix util module '/home/aryaanb17/ros2_ws/src/rover_status/install/_local_setup_util_sh.py'
[1.341s] INFO:colcon.colcon_core.shell:Creating prefix chain script '/home/aryaanb17/ros2_ws/src/rover_status/install/setup.sh'
[1.344s] INFO:colcon.colcon_core.shell:Creating prefix script '/home/aryaanb17/ros2_ws/src/rover_status/install/local_setup.bash'
[1.344s] INFO:colcon.colcon_core.shell:Creating prefix chain script '/home/aryaanb17/ros2_ws/src/rover_status/install/setup.bash'
[1.345s] INFO:colcon.colcon_core.shell:Creating prefix script '/home/aryaanb17/ros2_ws/src/rover_status/install/local_setup.zsh'
[1.346s] INFO:colcon.colcon_core.shell:Creating prefix chain script '/home/aryaanb17/ros2_ws/src/rover_status/install/setup.zsh'
