/home/aryaanb17/ros2_ws/src/rover_status/install/rover_status/lib/python3.10/site-packages/rover_status/battery_temp.py
/home/aryaanb17/ros2_ws/src/rover_status/install/rover_status/lib/python3.10/site-packages/rover_status/update_health_status.py
/home/aryaanb17/ros2_ws/src/rover_status/install/rover_status/lib/python3.10/site-packages/rover_status/__init__.py
/home/aryaanb17/ros2_ws/src/rover_status/install/rover_status/lib/python3.10/site-packages/rover_status/displayer.py
/home/aryaanb17/ros2_ws/src/rover_status/install/rover_status/lib/python3.10/site-packages/rover_status/__pycache__/battery_temp.cpython-310.pyc
/home/aryaanb17/ros2_ws/src/rover_status/install/rover_status/lib/python3.10/site-packages/rover_status/__pycache__/update_health_status.cpython-310.pyc
/home/aryaanb17/ros2_ws/src/rover_status/install/rover_status/lib/python3.10/site-packages/rover_status/__pycache__/__init__.cpython-310.pyc
/home/aryaanb17/ros2_ws/src/rover_status/install/rover_status/lib/python3.10/site-packages/rover_status/__pycache__/displayer.cpython-310.pyc
/home/aryaanb17/ros2_ws/src/rover_status/install/rover_status/share/ament_index/resource_index/packages/rover_status
/home/aryaanb17/ros2_ws/src/rover_status/install/rover_status/share/rover_status/package.xml
/home/aryaanb17/ros2_ws/src/rover_status/install/rover_status/lib/python3.10/site-packages/rover_status-0.0.0-py3.10.egg-info/SOURCES.txt
/home/aryaanb17/ros2_ws/src/rover_status/install/rover_status/lib/python3.10/site-packages/rover_status-0.0.0-py3.10.egg-info/PKG-INFO
/home/aryaanb17/ros2_ws/src/rover_status/install/rover_status/lib/python3.10/site-packages/rover_status-0.0.0-py3.10.egg-info/top_level.txt
/home/aryaanb17/ros2_ws/src/rover_status/install/rover_status/lib/python3.10/site-packages/rover_status-0.0.0-py3.10.egg-info/zip-safe
/home/aryaanb17/ros2_ws/src/rover_status/install/rover_status/lib/python3.10/site-packages/rover_status-0.0.0-py3.10.egg-info/dependency_links.txt
/home/aryaanb17/ros2_ws/src/rover_status/install/rover_status/lib/python3.10/site-packages/rover_status-0.0.0-py3.10.egg-info/requires.txt
/home/aryaanb17/ros2_ws/src/rover_status/install/rover_status/lib/python3.10/site-packages/rover_status-0.0.0-py3.10.egg-info/entry_points.txt
/home/aryaanb17/ros2_ws/src/rover_status/install/rover_status/lib/rover_status/display
/home/aryaanb17/ros2_ws/src/rover_status/install/rover_status/lib/rover_status/publish_data
/home/aryaanb17/ros2_ws/src/rover_status/install/rover_status/lib/rover_status/publish_health
